
> devin-handbook@0.1.0 dev
> next dev

   ▲ Next.js 15.3.4
   - Local:        http://localhost:3000
   - Network:      http://192.168.1.122:3000
   - Environments: .env.local

 ✓ Starting...
 ✓ Ready in 1316ms
 ○ Compiling / ...
 ✓ Compiled / in 1523ms (1234 modules)
Node Environment: development
Is Edge Runtime: false
Vercel Deployment: inte i Vercel
 GET / 200 in 1822ms
 ○ Compiling /api/debug/handbook-data ...
 ✓ Compiled /api/debug/handbook-data in 567ms (1336 modules)
Node Environment: development
Is Edge Runtime: false
Vercel Deployment: inte i Vercel
 GET /api/debug/handbook-data 400 in 651ms
 ✓ Compiled /api/search-handbooks in 205ms (1324 modules)
Node Environment: development
Is Edge Runtime: false
Vercel Deployment: inte i Vercel
Söker efter handböcker med: test
Hittade resultat: 10
 GET /api/search-handbooks?q=test 200 in 388ms
Söker efter handböcker med: test
Hittade resultat: 10
 GET /api/search-handbooks?q=test 200 in 91ms
Söker efter handböcker med: test
Hittade resultat: 10
 GET /api/search-handbooks?q=test 200 in 134ms
 ○ Compiling /[slug]/bookings ...
 ✓ Compiled /[slug]/bookings in 634ms (1578 modules)
Node Environment: development
Is Edge Runtime: false
Vercel Deployment: inte i Vercel
Node Environment: development
Is Edge Runtime: false
Vercel Deployment: inte i Vercel
[Handbook Service] ===== getHandbookBySlug START =====
[Handbook Service] Requested slug: test1
[Handbook Service] Step 1: Searching for ALL handbooks with slug...
Node Environment: development
Is Edge Runtime: false
Vercel Deployment: inte i Vercel
[Handbook Service] ===== getHandbookBySlug START =====
[Handbook Service] Requested slug: test1
[Handbook Service] Step 1: Searching for ALL handbooks with slug...
[Handbook Service] Debug: Found 1 handbooks with slug "test1": [
  {
    id: '2c4fa9ce-27ea-444c-ad61-7103c46ff7c6',
    title: 'test1',
    slug: 'test1',
    published: true
  }
]
[Handbook Service] Step 2: Searching for PUBLISHED handbooks...
[Handbook Service] Debug: Found 1 handbooks with slug "test1": [
  {
    id: '2c4fa9ce-27ea-444c-ad61-7103c46ff7c6',
    title: 'test1',
    slug: 'test1',
    published: true
  }
]
[Handbook Service] Step 2: Searching for PUBLISHED handbooks...
[Handbook Service] Published query result: Found 1 published handbooks with slug "test1": [
  {
    id: '2c4fa9ce-27ea-444c-ad61-7103c46ff7c6',
    title: 'test1',
    slug: 'test1',
    published: true
  }
]
[Handbook Service] ✅ Using handbook: test1 (id: 2c4fa9ce-27ea-444c-ad61-7103c46ff7c6)
[Handbook Service] Step 3: Fetching full handbook data...
[Handbook Service] Published query result: Found 1 published handbooks with slug "test1": [
  {
    id: '2c4fa9ce-27ea-444c-ad61-7103c46ff7c6',
    title: 'test1',
    slug: 'test1',
    published: true
  }
]
[Handbook Service] ✅ Using handbook: test1 (id: 2c4fa9ce-27ea-444c-ad61-7103c46ff7c6)
[Handbook Service] Step 3: Fetching full handbook data...
[Handbook Service] ✅ Full handbook data retrieved successfully
[Handbook Service] ===== getHandbookBySlug END =====
[Handbook Service] ✅ Full handbook data retrieved successfully
[Handbook Service] ===== getHandbookBySlug END =====
 GET /test1/bookings 200 in 1417ms
 ✓ Compiled /api/booking-resources in 266ms (1597 modules)
Node Environment: development
Is Edge Runtime: false
Vercel Deployment: inte i Vercel
 GET /api/booking-resources?handbook_id=2c4fa9ce-27ea-444c-ad61-7103c46ff7c6 401 in 346ms
 GET /api/booking-resources?handbook_id=2c4fa9ce-27ea-444c-ad61-7103c46ff7c6 401 in 12ms
[Handbook Service] ===== getHandbookBySlug START =====
[Handbook Service] Requested slug: test1
[Handbook Service] Step 1: Searching for ALL handbooks with slug...
Node Environment: development
Is Edge Runtime: false
Vercel Deployment: inte i Vercel
[Handbook Service] ===== getHandbookBySlug START =====
[Handbook Service] Requested slug: test1
[Handbook Service] Step 1: Searching for ALL handbooks with slug...
[Handbook Service] Debug: Found 1 handbooks with slug "test1": [
  {
    id: '2c4fa9ce-27ea-444c-ad61-7103c46ff7c6',
    title: 'test1',
    slug: 'test1',
    published: true
  }
]
[Handbook Service] Step 2: Searching for PUBLISHED handbooks...
Node Environment: development
Is Edge Runtime: false
Vercel Deployment: inte i Vercel
[Handbook Service] Debug: Found 1 handbooks with slug "test1": [
  {
    id: '2c4fa9ce-27ea-444c-ad61-7103c46ff7c6',
    title: 'test1',
    slug: 'test1',
    published: true
  }
]
[Handbook Service] Step 2: Searching for PUBLISHED handbooks...
[Handbook Service] Published query result: Found 1 published handbooks with slug "test1": [
  {
    id: '2c4fa9ce-27ea-444c-ad61-7103c46ff7c6',
    title: 'test1',
    slug: 'test1',
    published: true
  }
]
[Handbook Service] ✅ Using handbook: test1 (id: 2c4fa9ce-27ea-444c-ad61-7103c46ff7c6)
[Handbook Service] Step 3: Fetching full handbook data...
[Handbook Service] Published query result: Found 1 published handbooks with slug "test1": [
  {
    id: '2c4fa9ce-27ea-444c-ad61-7103c46ff7c6',
    title: 'test1',
    slug: 'test1',
    published: true
  }
]
[Handbook Service] ✅ Using handbook: test1 (id: 2c4fa9ce-27ea-444c-ad61-7103c46ff7c6)
[Handbook Service] Step 3: Fetching full handbook data...
[Handbook Service] ✅ Full handbook data retrieved successfully
[Handbook Service] ===== getHandbookBySlug END =====
[Handbook Service] ✅ Full handbook data retrieved successfully
[Handbook Service] ===== getHandbookBySlug END =====
 GET /test1/bookings 200 in 1443ms
 ✓ Compiled /api/manifest in 490ms (1578 modules)
Node Environment: development
Is Edge Runtime: false
Vercel Deployment: inte i Vercel
[Manifest API] Detected slug from referer: test1
[Manifest API] Generating manifest for handbook: test1
[Handbook Service] ===== getHandbookBySlug START =====
[Handbook Service] Requested slug: test1
[Handbook Service] Step 1: Searching for ALL handbooks with slug...
[Handbook Service] Debug: Found 1 handbooks with slug "test1": [
  {
    id: '2c4fa9ce-27ea-444c-ad61-7103c46ff7c6',
    title: 'test1',
    slug: 'test1',
    published: true
  }
]
[Handbook Service] Step 2: Searching for PUBLISHED handbooks...
[Handbook Service] Published query result: Found 1 published handbooks with slug "test1": [
  {
    id: '2c4fa9ce-27ea-444c-ad61-7103c46ff7c6',
    title: 'test1',
    slug: 'test1',
    published: true
  }
]
[Handbook Service] ✅ Using handbook: test1 (id: 2c4fa9ce-27ea-444c-ad61-7103c46ff7c6)
[Handbook Service] Step 3: Fetching full handbook data...
[Handbook Service] ✅ Full handbook data retrieved successfully
[Handbook Service] ===== getHandbookBySlug END =====
[Manifest API] Generated custom manifest for: test1 with start_url: /test1
 GET /api/manifest 200 in 777ms
[Handbook Service] ===== getHandbookBySlug START =====
[Handbook Service] Requested slug: test1
[Handbook Service] Step 1: Searching for ALL handbooks with slug...
Node Environment: development
Is Edge Runtime: false
Vercel Deployment: inte i Vercel
[Handbook Service] ===== getHandbookBySlug START =====
[Handbook Service] Requested slug: test1
[Handbook Service] Step 1: Searching for ALL handbooks with slug...
[Handbook Service] Debug: Found 1 handbooks with slug "test1": [
  {
    id: '2c4fa9ce-27ea-444c-ad61-7103c46ff7c6',
    title: 'test1',
    slug: 'test1',
    published: true
  }
]
[Handbook Service] Step 2: Searching for PUBLISHED handbooks...
[Handbook Service] Debug: Found 1 handbooks with slug "test1": [
  {
    id: '2c4fa9ce-27ea-444c-ad61-7103c46ff7c6',
    title: 'test1',
    slug: 'test1',
    published: true
  }
]
[Handbook Service] Step 2: Searching for PUBLISHED handbooks...
[Handbook Service] Published query result: Found 1 published handbooks with slug "test1": [
  {
    id: '2c4fa9ce-27ea-444c-ad61-7103c46ff7c6',
    title: 'test1',
    slug: 'test1',
    published: true
  }
]
[Handbook Service] ✅ Using handbook: test1 (id: 2c4fa9ce-27ea-444c-ad61-7103c46ff7c6)
[Handbook Service] Step 3: Fetching full handbook data...
[Handbook Service] Published query result: Found 1 published handbooks with slug "test1": [
  {
    id: '2c4fa9ce-27ea-444c-ad61-7103c46ff7c6',
    title: 'test1',
    slug: 'test1',
    published: true
  }
]
[Handbook Service] ✅ Using handbook: test1 (id: 2c4fa9ce-27ea-444c-ad61-7103c46ff7c6)
[Handbook Service] Step 3: Fetching full handbook data...
[Handbook Service] ✅ Full handbook data retrieved successfully
[Handbook Service] ===== getHandbookBySlug END =====
[Handbook Service] ✅ Full handbook data retrieved successfully
[Handbook Service] ===== getHandbookBySlug END =====
 GET /test1/bookings 200 in 288ms
 ✓ Compiled /_not-found in 395ms (1579 modules)
Node Environment: development
Is Edge Runtime: false
Vercel Deployment: inte i Vercel
Node Environment: development
Is Edge Runtime: false
Vercel Deployment: inte i Vercel
 GET /.well-known/appspecific/com.chrome.devtools.json 404 in 579ms
Node Environment: development
Is Edge Runtime: false
Vercel Deployment: inte i Vercel
[Manifest API] Detected slug from referer: test1
[Manifest API] Generating manifest for handbook: test1
[Handbook Service] ===== getHandbookBySlug START =====
[Handbook Service] Requested slug: test1
[Handbook Service] Step 1: Searching for ALL handbooks with slug...
[Handbook Service] Debug: Found 1 handbooks with slug "test1": [
  {
    id: '2c4fa9ce-27ea-444c-ad61-7103c46ff7c6',
    title: 'test1',
    slug: 'test1',
    published: true
  }
]
[Handbook Service] Step 2: Searching for PUBLISHED handbooks...
[Handbook Service] Published query result: Found 1 published handbooks with slug "test1": [
  {
    id: '2c4fa9ce-27ea-444c-ad61-7103c46ff7c6',
    title: 'test1',
    slug: 'test1',
    published: true
  }
]
[Handbook Service] ✅ Using handbook: test1 (id: 2c4fa9ce-27ea-444c-ad61-7103c46ff7c6)
[Handbook Service] Step 3: Fetching full handbook data...
[Handbook Service] ✅ Full handbook data retrieved successfully
[Handbook Service] ===== getHandbookBySlug END =====
[Manifest API] Generated custom manifest for: test1 with start_url: /test1
 GET /api/manifest 200 in 292ms
 ✓ Compiled /api/bookings in 98ms (931 modules)
 ✓ Compiled in 110ms (669 modules)
Node Environment: development
Is Edge Runtime: false
Vercel Deployment: inte i Vercel
 GET /api/bookings?handbook_id=2c4fa9ce-27ea-444c-ad61-7103c46ff7c6 401 in 422ms
 GET /api/bookings?handbook_id=2c4fa9ce-27ea-444c-ad61-7103c46ff7c6 401 in 423ms
 GET /api/booking-resources?handbook_id=2c4fa9ce-27ea-444c-ad61-7103c46ff7c6 401 in 435ms
 GET /api/booking-resources?handbook_id=2c4fa9ce-27ea-444c-ad61-7103c46ff7c6 401 in 438ms
[Handbook Service] ===== getHandbookBySlug START =====
[Handbook Service] Requested slug: test1
[Handbook Service] Step 1: Searching for ALL handbooks with slug...
Node Environment: development
Is Edge Runtime: false
Vercel Deployment: inte i Vercel
[Handbook Service] ===== getHandbookBySlug START =====
[Handbook Service] Requested slug: test1
[Handbook Service] Step 1: Searching for ALL handbooks with slug...
[Handbook Service] Debug: Found 1 handbooks with slug "test1": [
  {
    id: '2c4fa9ce-27ea-444c-ad61-7103c46ff7c6',
    title: 'test1',
    slug: 'test1',
    published: true
  }
]
[Handbook Service] Step 2: Searching for PUBLISHED handbooks...
[Handbook Service] Debug: Found 1 handbooks with slug "test1": [
  {
    id: '2c4fa9ce-27ea-444c-ad61-7103c46ff7c6',
    title: 'test1',
    slug: 'test1',
    published: true
  }
]
[Handbook Service] Step 2: Searching for PUBLISHED handbooks...
[Handbook Service] Published query result: Found 1 published handbooks with slug "test1": [
  {
    id: '2c4fa9ce-27ea-444c-ad61-7103c46ff7c6',
    title: 'test1',
    slug: 'test1',
    published: true
  }
]
[Handbook Service] ✅ Using handbook: test1 (id: 2c4fa9ce-27ea-444c-ad61-7103c46ff7c6)
[Handbook Service] Step 3: Fetching full handbook data...
[Handbook Service] Published query result: Found 1 published handbooks with slug "test1": [
  {
    id: '2c4fa9ce-27ea-444c-ad61-7103c46ff7c6',
    title: 'test1',
    slug: 'test1',
    published: true
  }
]
[Handbook Service] ✅ Using handbook: test1 (id: 2c4fa9ce-27ea-444c-ad61-7103c46ff7c6)
[Handbook Service] Step 3: Fetching full handbook data...
[Handbook Service] ✅ Full handbook data retrieved successfully
[Handbook Service] ===== getHandbookBySlug END =====
[Handbook Service] ✅ Full handbook data retrieved successfully
[Handbook Service] ===== getHandbookBySlug END =====
 GET /test1/bookings 200 in 344ms
Node Environment: development
Is Edge Runtime: false
Vercel Deployment: inte i Vercel
 GET /api/booking-resources?handbook_id=2c4fa9ce-27ea-444c-ad61-7103c46ff7c6 401 in 20ms
 GET /api/bookings?handbook_id=2c4fa9ce-27ea-444c-ad61-7103c46ff7c6 401 in 23ms
 GET /.well-known/appspecific/com.chrome.devtools.json 404 in 71ms
 ✓ Compiled in 779ms (1616 modules)
Node Environment: development
Is Edge Runtime: false
Vercel Deployment: inte i Vercel
[Handbook Service] ===== getHandbookBySlug START =====
[Handbook Service] Requested slug: test1
[Handbook Service] Step 1: Searching for ALL handbooks with slug...
[Handbook Service] Debug: Found 1 handbooks with slug "test1": [
  {
    id: '2c4fa9ce-27ea-444c-ad61-7103c46ff7c6',
    title: 'test1',
    slug: 'test1',
    published: true
  }
]
[Handbook Service] Step 2: Searching for PUBLISHED handbooks...
[Handbook Service] Published query result: Found 1 published handbooks with slug "test1": [
  {
    id: '2c4fa9ce-27ea-444c-ad61-7103c46ff7c6',
    title: 'test1',
    slug: 'test1',
    published: true
  }
]
[Handbook Service] ✅ Using handbook: test1 (id: 2c4fa9ce-27ea-444c-ad61-7103c46ff7c6)
[Handbook Service] Step 3: Fetching full handbook data...
[Handbook Service] ✅ Full handbook data retrieved successfully
[Handbook Service] ===== getHandbookBySlug END =====
[Handbook Service] ===== getHandbookBySlug START =====
[Handbook Service] Requested slug: test1
[Handbook Service] Step 1: Searching for ALL handbooks with slug...
[Handbook Service] Debug: Found 1 handbooks with slug "test1": [
  {
    id: '2c4fa9ce-27ea-444c-ad61-7103c46ff7c6',
    title: 'test1',
    slug: 'test1',
    published: true
  }
]
[Handbook Service] Step 2: Searching for PUBLISHED handbooks...
[Handbook Service] Published query result: Found 1 published handbooks with slug "test1": [
  {
    id: '2c4fa9ce-27ea-444c-ad61-7103c46ff7c6',
    title: 'test1',
    slug: 'test1',
    published: true
  }
]
[Handbook Service] ✅ Using handbook: test1 (id: 2c4fa9ce-27ea-444c-ad61-7103c46ff7c6)
[Handbook Service] Step 3: Fetching full handbook data...
[Handbook Service] ✅ Full handbook data retrieved successfully
[Handbook Service] ===== getHandbookBySlug END =====
[Handbook Service] ===== getHandbookBySlug START =====
[Handbook Service] Requested slug: test1
[Handbook Service] Step 1: Searching for ALL handbooks with slug...
[Handbook Service] Debug: Found 1 handbooks with slug "test1": [
  {
    id: '2c4fa9ce-27ea-444c-ad61-7103c46ff7c6',
    title: 'test1',
    slug: 'test1',
    published: true
  }
]
[Handbook Service] Step 2: Searching for PUBLISHED handbooks...
[Handbook Service] Published query result: Found 1 published handbooks with slug "test1": [
  {
    id: '2c4fa9ce-27ea-444c-ad61-7103c46ff7c6',
    title: 'test1',
    slug: 'test1',
    published: true
  }
]
[Handbook Service] ✅ Using handbook: test1 (id: 2c4fa9ce-27ea-444c-ad61-7103c46ff7c6)
[Handbook Service] Step 3: Fetching full handbook data...
[Handbook Service] ✅ Full handbook data retrieved successfully
[Handbook Service] ===== getHandbookBySlug END =====
[Handbook Service] ===== getHandbookBySlug START =====
[Handbook Service] Requested slug: test1
[Handbook Service] Step 1: Searching for ALL handbooks with slug...
[Handbook Service] Debug: Found 1 handbooks with slug "test1": [
  {
    id: '2c4fa9ce-27ea-444c-ad61-7103c46ff7c6',
    title: 'test1',
    slug: 'test1',
    published: true
  }
]
[Handbook Service] Step 2: Searching for PUBLISHED handbooks...
[Handbook Service] Published query result: Found 1 published handbooks with slug "test1": [
  {
    id: '2c4fa9ce-27ea-444c-ad61-7103c46ff7c6',
    title: 'test1',
    slug: 'test1',
    published: true
  }
]
[Handbook Service] ✅ Using handbook: test1 (id: 2c4fa9ce-27ea-444c-ad61-7103c46ff7c6)
[Handbook Service] Step 3: Fetching full handbook data...
[Handbook Service] ✅ Full handbook data retrieved successfully
[Handbook Service] ===== getHandbookBySlug END =====
 GET /test1/bookings 200 in 102ms
 GET /test1/bookings 200 in 103ms
Node Environment: development
Is Edge Runtime: false
Vercel Deployment: inte i Vercel
 GET /_next/static/css/app/layout.css?v=1751548211916 404 in 79ms
 GET /_next/static/css/app/layout.css?v=1751548211913 404 in 74ms
 GET /_next/static/css/app/layout.css?v=1751548211916 404 in 74ms
 GET /_next/static/css/app/layout.css?v=1751548211913 404 in 27ms
 ⨯ Failed to generate static paths for /[slug]/bookings:
[Error: Cannot find module './vendor-chunks/next.js'
Require stack:
- /Users/pontus.horberg-Local/devin-handbok/.next/server/webpack-runtime.js
- /Users/pontus.horberg-Local/devin-handbok/.next/server/app/[slug]/bookings/page.js
- /Users/pontus.horberg-Local/devin-handbok/node_modules/next/dist/server/require.js
- /Users/pontus.horberg-Local/devin-handbok/node_modules/next/dist/server/load-components.js
- /Users/pontus.horberg-Local/devin-handbok/node_modules/next/dist/build/utils.js
- /Users/pontus.horberg-Local/devin-handbok/node_modules/next/dist/server/dev/static-paths-worker.js
- /Users/pontus.horberg-Local/devin-handbok/node_modules/next/dist/compiled/jest-worker/processChild.js] {
  type: 'Error',
  code: 'MODULE_NOT_FOUND',
  requireStack: [Array]
}
 ⨯ Failed to generate static paths for /[slug]/bookings:
[Error: Cannot find module './vendor-chunks/next.js'
Require stack:
- /Users/pontus.horberg-Local/devin-handbok/.next/server/webpack-runtime.js
- /Users/pontus.horberg-Local/devin-handbok/.next/server/app/[slug]/bookings/page.js
- /Users/pontus.horberg-Local/devin-handbok/node_modules/next/dist/server/require.js
- /Users/pontus.horberg-Local/devin-handbok/node_modules/next/dist/server/load-components.js
- /Users/pontus.horberg-Local/devin-handbok/node_modules/next/dist/build/utils.js
- /Users/pontus.horberg-Local/devin-handbok/node_modules/next/dist/server/dev/static-paths-worker.js
- /Users/pontus.horberg-Local/devin-handbok/node_modules/next/dist/compiled/jest-worker/processChild.js] {
  type: 'Error',
  code: 'MODULE_NOT_FOUND',
  requireStack: [Array]
}
 ✓ Compiled in 266ms (1616 modules)
 ⨯ [Error: Cannot find module './vendor-chunks/next.js'
Require stack:
- /Users/pontus.horberg-Local/devin-handbok/.next/server/webpack-runtime.js
- /Users/pontus.horberg-Local/devin-handbok/.next/server/app/[slug]/bookings/page.js
- /Users/pontus.horberg-Local/devin-handbok/node_modules/next/dist/server/require.js
- /Users/pontus.horberg-Local/devin-handbok/node_modules/next/dist/server/load-components.js
- /Users/pontus.horberg-Local/devin-handbok/node_modules/next/dist/build/utils.js
- /Users/pontus.horberg-Local/devin-handbok/node_modules/next/dist/server/dev/static-paths-worker.js
- /Users/pontus.horberg-Local/devin-handbok/node_modules/next/dist/compiled/jest-worker/processChild.js] {
  type: 'Error',
  code: 'MODULE_NOT_FOUND',
  requireStack: [Array],
  page: '/test1/bookings'
}
 ⨯ [Error: Cannot find module './vendor-chunks/next.js'
Require stack:
- /Users/pontus.horberg-Local/devin-handbok/.next/server/webpack-runtime.js
- /Users/pontus.horberg-Local/devin-handbok/.next/server/app/[slug]/bookings/page.js
- /Users/pontus.horberg-Local/devin-handbok/node_modules/next/dist/server/require.js
- /Users/pontus.horberg-Local/devin-handbok/node_modules/next/dist/server/load-components.js
- /Users/pontus.horberg-Local/devin-handbok/node_modules/next/dist/build/utils.js
- /Users/pontus.horberg-Local/devin-handbok/node_modules/next/dist/server/dev/static-paths-worker.js
- /Users/pontus.horberg-Local/devin-handbok/node_modules/next/dist/compiled/jest-worker/processChild.js] {
  type: 'Error',
  code: 'MODULE_NOT_FOUND',
  requireStack: [Array],
  page: '/test1/bookings'
}
 ✓ Compiled /_error in 474ms (1942 modules)
 GET /test1/bookings 500 in 997ms
 GET /test1/bookings 500 in 997ms
 ⨯ [Error: Cannot find module './vendor-chunks/@supabase.js'
Require stack:
- /Users/pontus.horberg-Local/devin-handbok/.next/server/webpack-runtime.js
- /Users/pontus.horberg-Local/devin-handbok/.next/server/app/[slug]/bookings/page.js
- /Users/pontus.horberg-Local/devin-handbok/node_modules/next/dist/server/require.js
- /Users/pontus.horberg-Local/devin-handbok/node_modules/next/dist/server/load-components.js
- /Users/pontus.horberg-Local/devin-handbok/node_modules/next/dist/build/utils.js
- /Users/pontus.horberg-Local/devin-handbok/node_modules/next/dist/server/dev/static-paths-worker.js
- /Users/pontus.horberg-Local/devin-handbok/node_modules/next/dist/compiled/jest-worker/processChild.js] {
  type: 'Error',
  code: 'MODULE_NOT_FOUND',
  requireStack: [Array],
  page: '/test1/bookings'
}
 ⨯ [Error: Cannot find module './vendor-chunks/@supabase.js'
Require stack:
- /Users/pontus.horberg-Local/devin-handbok/.next/server/webpack-runtime.js
- /Users/pontus.horberg-Local/devin-handbok/.next/server/app/[slug]/bookings/page.js
- /Users/pontus.horberg-Local/devin-handbok/node_modules/next/dist/server/require.js
- /Users/pontus.horberg-Local/devin-handbok/node_modules/next/dist/server/load-components.js
- /Users/pontus.horberg-Local/devin-handbok/node_modules/next/dist/build/utils.js
- /Users/pontus.horberg-Local/devin-handbok/node_modules/next/dist/server/dev/static-paths-worker.js
- /Users/pontus.horberg-Local/devin-handbok/node_modules/next/dist/compiled/jest-worker/processChild.js] {
  type: 'Error',
  code: 'MODULE_NOT_FOUND',
  requireStack: [Array],
  page: '/test1/bookings'
}
 GET /test1/bookings 500 in 432ms
 GET /test1/bookings 500 in 395ms
 ⨯ [Error: Cannot find module './vendor-chunks/@supabase.js'
Require stack:
- /Users/pontus.horberg-Local/devin-handbok/.next/server/webpack-runtime.js
- /Users/pontus.horberg-Local/devin-handbok/.next/server/app/[slug]/bookings/page.js
- /Users/pontus.horberg-Local/devin-handbok/node_modules/next/dist/server/require.js
- /Users/pontus.horberg-Local/devin-handbok/node_modules/next/dist/server/load-components.js
- /Users/pontus.horberg-Local/devin-handbok/node_modules/next/dist/build/utils.js
- /Users/pontus.horberg-Local/devin-handbok/node_modules/next/dist/server/dev/static-paths-worker.js
- /Users/pontus.horberg-Local/devin-handbok/node_modules/next/dist/compiled/jest-worker/processChild.js] {
  type: 'Error',
  code: 'MODULE_NOT_FOUND',
  requireStack: [Array],
  page: '/test1/bookings'
}
 ⨯ [Error: Cannot find module './vendor-chunks/@supabase.js'
Require stack:
- /Users/pontus.horberg-Local/devin-handbok/.next/server/webpack-runtime.js
- /Users/pontus.horberg-Local/devin-handbok/.next/server/app/[slug]/bookings/page.js
- /Users/pontus.horberg-Local/devin-handbok/node_modules/next/dist/server/require.js
- /Users/pontus.horberg-Local/devin-handbok/node_modules/next/dist/server/load-components.js
- /Users/pontus.horberg-Local/devin-handbok/node_modules/next/dist/build/utils.js
- /Users/pontus.horberg-Local/devin-handbok/node_modules/next/dist/server/dev/static-paths-worker.js
- /Users/pontus.horberg-Local/devin-handbok/node_modules/next/dist/compiled/jest-worker/processChild.js] {
  type: 'Error',
  code: 'MODULE_NOT_FOUND',
  requireStack: [Array],
  page: '/test1/bookings'
}
 GET /test1/bookings 500 in 431ms
 GET /test1/bookings 500 in 413ms
 ⨯ [Error: Cannot find module './vendor-chunks/@supabase.js'
Require stack:
- /Users/pontus.horberg-Local/devin-handbok/.next/server/webpack-runtime.js
- /Users/pontus.horberg-Local/devin-handbok/.next/server/app/[slug]/bookings/page.js
- /Users/pontus.horberg-Local/devin-handbok/node_modules/next/dist/server/require.js
- /Users/pontus.horberg-Local/devin-handbok/node_modules/next/dist/server/load-components.js
- /Users/pontus.horberg-Local/devin-handbok/node_modules/next/dist/build/utils.js
- /Users/pontus.horberg-Local/devin-handbok/node_modules/next/dist/server/dev/static-paths-worker.js
- /Users/pontus.horberg-Local/devin-handbok/node_modules/next/dist/compiled/jest-worker/processChild.js] {
  type: 'Error',
  code: 'MODULE_NOT_FOUND',
  requireStack: [Array],
  page: '/test1/bookings'
}
 ⨯ [Error: Cannot find module './vendor-chunks/@supabase.js'
Require stack:
- /Users/pontus.horberg-Local/devin-handbok/.next/server/webpack-runtime.js
- /Users/pontus.horberg-Local/devin-handbok/.next/server/app/[slug]/bookings/page.js
- /Users/pontus.horberg-Local/devin-handbok/node_modules/next/dist/server/require.js
- /Users/pontus.horberg-Local/devin-handbok/node_modules/next/dist/server/load-components.js
- /Users/pontus.horberg-Local/devin-handbok/node_modules/next/dist/build/utils.js
- /Users/pontus.horberg-Local/devin-handbok/node_modules/next/dist/server/dev/static-paths-worker.js
- /Users/pontus.horberg-Local/devin-handbok/node_modules/next/dist/compiled/jest-worker/processChild.js] {
  type: 'Error',
  code: 'MODULE_NOT_FOUND',
  requireStack: [Array],
  page: '/test1/bookings'
}
 GET /test1/bookings 500 in 417ms
 GET /test1/bookings 500 in 388ms
Node Environment: development
Is Edge Runtime: false
Vercel Deployment: inte i Vercel
 GET /.well-known/appspecific/com.chrome.devtools.json 404 in 39ms
 GET /_next/static/media/e4af272ccee01ff0-s.p.woff2 404 in 166ms
 GET /_next/static/css/app/layout.css?v=1751548126320 404 in 166ms
 GET /_next/static/chunks/main-app.js?v=1751548126320 404 in 335ms
 GET /_next/static/chunks/app-pages-internals.js 404 in 321ms
 GET /_next/static/chunks/app/not-found.js 404 in 50ms
 GET /_next/static/chunks/app/%5Bslug%5D/bookings/page.js 404 in 50ms
 ✓ Compiled /api/manifest in 142ms (1022 modules)
Node Environment: development
Is Edge Runtime: false
Vercel Deployment: inte i Vercel
Node Environment: development
Is Edge Runtime: false
Vercel Deployment: inte i Vercel
[Manifest API] Detected slug from referer: test1
[Manifest API] Generating manifest for handbook: test1
[Handbook Service] ===== getHandbookBySlug START =====
[Handbook Service] Requested slug: test1
[Handbook Service] Step 1: Searching for ALL handbooks with slug...
 GET /_next/static/chunks/_app-pages-browser_node_modules_tanstack_query-devtools_build_DevtoolsComponent_HH7B3BHX_js.js 404 in 403ms
 GET /api/booking-resources?handbook_id=2c4fa9ce-27ea-444c-ad61-7103c46ff7c6 401 in 53ms
 GET /api/booking-resources?handbook_id=2c4fa9ce-27ea-444c-ad61-7103c46ff7c6 401 in 54ms
 ⨯ [Error: ENOENT: no such file or directory, open '/Users/pontus.horberg-Local/devin-handbok/.next/server/app/api/bookings/route.js'] {
  errno: -2,
  code: 'ENOENT',
  syscall: 'open',
  path: '/Users/pontus.horberg-Local/devin-handbok/.next/server/app/api/bookings/route.js',
  page: '/api/bookings'
}
 ⨯ [Error: ENOENT: no such file or directory, open '/Users/pontus.horberg-Local/devin-handbok/.next/server/app/api/bookings/route.js'] {
  errno: -2,
  code: 'ENOENT',
  syscall: 'open',
  path: '/Users/pontus.horberg-Local/devin-handbok/.next/server/app/api/bookings/route.js',
  page: '/api/bookings'
}
[Handbook Service] Debug: Found 1 handbooks with slug "test1": [
  {
    id: '2c4fa9ce-27ea-444c-ad61-7103c46ff7c6',
    title: 'test1',
    slug: 'test1',
    published: true
  }
]
[Handbook Service] Step 2: Searching for PUBLISHED handbooks...
[Handbook Service] Published query result: Found 1 published handbooks with slug "test1": [
  {
    id: '2c4fa9ce-27ea-444c-ad61-7103c46ff7c6',
    title: 'test1',
    slug: 'test1',
    published: true
  }
]
[Handbook Service] ✅ Using handbook: test1 (id: 2c4fa9ce-27ea-444c-ad61-7103c46ff7c6)
[Handbook Service] Step 3: Fetching full handbook data...
[Handbook Service] ✅ Full handbook data retrieved successfully
[Handbook Service] ===== getHandbookBySlug END =====
[Manifest API] Generated custom manifest for: test1 with start_url: /test1
 GET /api/manifest 200 in 643ms
 GET /api/bookings?handbook_id=2c4fa9ce-27ea-444c-ad61-7103c46ff7c6 500 in 319ms
 GET /api/bookings?handbook_id=2c4fa9ce-27ea-444c-ad61-7103c46ff7c6 500 in 315ms
 ✓ Compiled in 956ms (1958 modules)
 ⨯ [Error: ENOENT: no such file or directory, open '/Users/pontus.horberg-Local/devin-handbok/.next/server/app/[slug]/bookings/page.js'] {
  errno: -2,
  code: 'ENOENT',
  syscall: 'open',
  path: '/Users/pontus.horberg-Local/devin-handbok/.next/server/app/[slug]/bookings/page.js',
  page: '/test1/bookings'
}
 ⨯ [Error: ENOENT: no such file or directory, open '/Users/pontus.horberg-Local/devin-handbok/.next/server/pages/_document.js'] {
  errno: -2,
  code: 'ENOENT',
  syscall: 'open',
  path: '/Users/pontus.horberg-Local/devin-handbok/.next/server/pages/_document.js'
}
 GET /test1/bookings 500 in 2153ms
 ⨯ [Error: ENOENT: no such file or directory, open '/Users/pontus.horberg-Local/devin-handbok/.next/server/app/[slug]/bookings/page.js'] {
  errno: -2,
  code: 'ENOENT',
  syscall: 'open',
  path: '/Users/pontus.horberg-Local/devin-handbok/.next/server/app/[slug]/bookings/page.js',
  page: '/test1/bookings'
}
 ⨯ [Error: ENOENT: no such file or directory, open '/Users/pontus.horberg-Local/devin-handbok/.next/server/pages/_document.js'] {
  errno: -2,
  code: 'ENOENT',
  syscall: 'open',
  path: '/Users/pontus.horberg-Local/devin-handbok/.next/server/pages/_document.js'
}
 GET /test1/bookings 500 in 50ms
 ⨯ [Error: ENOENT: no such file or directory, open '/Users/pontus.horberg-Local/devin-handbok/.next/server/app/_not-found/page.js'] {
  errno: -2,
  code: 'ENOENT',
  syscall: 'open',
  path: '/Users/pontus.horberg-Local/devin-handbok/.next/server/app/_not-found/page.js'
}
 ⨯ [Error: ENOENT: no such file or directory, open '/Users/pontus.horberg-Local/devin-handbok/.next/server/app/_not-found/page.js'] {
  errno: -2,
  code: 'ENOENT',
  syscall: 'open',
  path: '/Users/pontus.horberg-Local/devin-handbok/.next/server/app/_not-found/page.js'
}
 ⨯ [Error: ENOENT: no such file or directory, open '/Users/pontus.horberg-Local/devin-handbok/.next/server/app/_not-found/page.js'] {
  errno: -2,
  code: 'ENOENT',
  syscall: 'open',
  path: '/Users/pontus.horberg-Local/devin-handbok/.next/server/app/_not-found/page.js'
}
 GET /.well-known/appspecific/com.chrome.devtools.json 500 in 52ms
 GET /_next/static/media/e4af272ccee01ff0-s.p.woff2 500 in 51ms
 GET /_next/static/css/app/layout.css?v=1751548126320 500 in 51ms
 ⨯ [Error: ENOENT: no such file or directory, open '/Users/pontus.horberg-Local/devin-handbok/.next/server/app/_not-found/page.js'] {
  errno: -2,
  code: 'ENOENT',
  syscall: 'open',
  path: '/Users/pontus.horberg-Local/devin-handbok/.next/server/app/_not-found/page.js'
}
 ⨯ [Error: ENOENT: no such file or directory, open '/Users/pontus.horberg-Local/devin-handbok/.next/server/app/_not-found/page.js'] {
  errno: -2,
  code: 'ENOENT',
  syscall: 'open',
  path: '/Users/pontus.horberg-Local/devin-handbok/.next/server/app/_not-found/page.js'
}
 GET /_next/static/chunks/main-app.js?v=1751548126320 500 in 43ms
 GET /_next/static/chunks/app-pages-internals.js 500 in 43ms
 ⨯ [Error: ENOENT: no such file or directory, open '/Users/pontus.horberg-Local/devin-handbok/.next/server/app/_not-found/page.js'] {
  errno: -2,
  code: 'ENOENT',
  syscall: 'open',
  path: '/Users/pontus.horberg-Local/devin-handbok/.next/server/app/_not-found/page.js'
}
 ⨯ [Error: ENOENT: no such file or directory, open '/Users/pontus.horberg-Local/devin-handbok/.next/server/app/_not-found/page.js'] {
  errno: -2,
  code: 'ENOENT',
  syscall: 'open',
  path: '/Users/pontus.horberg-Local/devin-handbok/.next/server/app/_not-found/page.js'
}
 GET /_next/static/chunks/app/not-found.js 500 in 163ms
 GET /_next/static/chunks/app/%5Bslug%5D/bookings/page.js 500 in 166ms
 ⨯ [Error: ENOENT: no such file or directory, open '/Users/pontus.horberg-Local/devin-handbok/.next/server/app/_not-found/page.js'] {
  errno: -2,
  code: 'ENOENT',
  syscall: 'open',
  path: '/Users/pontus.horberg-Local/devin-handbok/.next/server/app/_not-found/page.js'
}
 ⨯ [Error: ENOENT: no such file or directory, open '/Users/pontus.horberg-Local/devin-handbok/.next/server/app/api/manifest/route.js'] {
  errno: -2,
  code: 'ENOENT',
  syscall: 'open',
  path: '/Users/pontus.horberg-Local/devin-handbok/.next/server/app/api/manifest/route.js',
  page: '/api/manifest'
}
 ⨯ [Error: ENOENT: no such file or directory, open '/Users/pontus.horberg-Local/devin-handbok/.next/server/pages/_document.js'] {
  errno: -2,
  code: 'ENOENT',
  syscall: 'open',
  path: '/Users/pontus.horberg-Local/devin-handbok/.next/server/pages/_document.js'
}
 GET /_next/static/chunks/_app-pages-browser_node_modules_tanstack_query-devtools_build_DevtoolsComponent_HH7B3BHX_js.js 500 in 72ms
 GET /api/manifest 500 in 82ms
 ⨯ [Error: ENOENT: no such file or directory, open '/Users/pontus.horberg-Local/devin-handbok/.next/server/app/api/booking-resources/route.js'] {
  errno: -2,
  code: 'ENOENT',
  syscall: 'open',
  path: '/Users/pontus.horberg-Local/devin-handbok/.next/server/app/api/booking-resources/route.js',
  page: '/api/booking-resources'
}
 ⨯ [Error: ENOENT: no such file or directory, open '/Users/pontus.horberg-Local/devin-handbok/.next/server/pages/_document.js'] {
  errno: -2,
  code: 'ENOENT',
  syscall: 'open',
  path: '/Users/pontus.horberg-Local/devin-handbok/.next/server/pages/_document.js'
}
 GET /api/booking-resources?handbook_id=2c4fa9ce-27ea-444c-ad61-7103c46ff7c6 500 in 60ms
 ⨯ [Error: ENOENT: no such file or directory, open '/Users/pontus.horberg-Local/devin-handbok/.next/server/app/api/booking-resources/route.js'] {
  errno: -2,
  code: 'ENOENT',
  syscall: 'open',
  path: '/Users/pontus.horberg-Local/devin-handbok/.next/server/app/api/booking-resources/route.js',
  page: '/api/booking-resources'
}
 ⨯ [Error: ENOENT: no such file or directory, open '/Users/pontus.horberg-Local/devin-handbok/.next/server/app/api/bookings/route.js'] {
  errno: -2,
  code: 'ENOENT',
  syscall: 'open',
  path: '/Users/pontus.horberg-Local/devin-handbok/.next/server/app/api/bookings/route.js',
  page: '/api/bookings'
}
 ⨯ [Error: ENOENT: no such file or directory, open '/Users/pontus.horberg-Local/devin-handbok/.next/server/app/api/bookings/route.js'] {
  errno: -2,
  code: 'ENOENT',
  syscall: 'open',
  path: '/Users/pontus.horberg-Local/devin-handbok/.next/server/app/api/bookings/route.js',
  page: '/api/bookings'
}
 ⨯ [Error: ENOENT: no such file or directory, open '/Users/pontus.horberg-Local/devin-handbok/.next/server/pages/_document.js'] {
  errno: -2,
  code: 'ENOENT',
  syscall: 'open',
  path: '/Users/pontus.horberg-Local/devin-handbok/.next/server/pages/_document.js'
}
 ⨯ [Error: ENOENT: no such file or directory, open '/Users/pontus.horberg-Local/devin-handbok/.next/server/pages/_document.js'] {
  errno: -2,
  code: 'ENOENT',
  syscall: 'open',
  path: '/Users/pontus.horberg-Local/devin-handbok/.next/server/pages/_document.js'
}
 ⨯ [Error: ENOENT: no such file or directory, open '/Users/pontus.horberg-Local/devin-handbok/.next/server/pages/_document.js'] {
  errno: -2,
  code: 'ENOENT',
  syscall: 'open',
  path: '/Users/pontus.horberg-Local/devin-handbok/.next/server/pages/_document.js'
}
 GET /api/booking-resources?handbook_id=2c4fa9ce-27ea-444c-ad61-7103c46ff7c6 500 in 147ms
 GET /api/bookings?handbook_id=2c4fa9ce-27ea-444c-ad61-7103c46ff7c6 500 in 147ms
 GET /api/bookings?handbook_id=2c4fa9ce-27ea-444c-ad61-7103c46ff7c6 500 in 147ms
 ✓ Compiled in 2.1s (1873 modules)
 ⨯ [Error: Cannot find module './vendor-chunks/@tanstack.js'
Require stack:
- /Users/pontus.horberg-Local/devin-handbok/.next/server/webpack-runtime.js
- /Users/pontus.horberg-Local/devin-handbok/.next/server/app/[slug]/bookings/page.js
- /Users/pontus.horberg-Local/devin-handbok/node_modules/next/dist/server/require.js
- /Users/pontus.horberg-Local/devin-handbok/node_modules/next/dist/server/load-components.js
- /Users/pontus.horberg-Local/devin-handbok/node_modules/next/dist/build/utils.js
- /Users/pontus.horberg-Local/devin-handbok/node_modules/next/dist/server/dev/static-paths-worker.js
- /Users/pontus.horberg-Local/devin-handbok/node_modules/next/dist/compiled/jest-worker/processChild.js] {
  type: 'Error',
  code: 'MODULE_NOT_FOUND',
  requireStack: [Array],
  page: '/test1/bookings'
}
 ✓ Compiled /_error in 182ms (1902 modules)
 ⨯ [Error: ENOENT: no such file or directory, open '/Users/pontus.horberg-Local/devin-handbok/.next/server/pages/_document.js'] {
  errno: -2,
  code: 'ENOENT',
  syscall: 'open',
  path: '/Users/pontus.horberg-Local/devin-handbok/.next/server/pages/_document.js'
}
 GET /test1/bookings 500 in 678ms
 ⨯ [Error: Cannot find module './vendor-chunks/@tanstack.js'
Require stack:
- /Users/pontus.horberg-Local/devin-handbok/.next/server/webpack-runtime.js
- /Users/pontus.horberg-Local/devin-handbok/.next/server/app/[slug]/bookings/page.js
- /Users/pontus.horberg-Local/devin-handbok/node_modules/next/dist/server/require.js
- /Users/pontus.horberg-Local/devin-handbok/node_modules/next/dist/server/load-components.js
- /Users/pontus.horberg-Local/devin-handbok/node_modules/next/dist/build/utils.js
- /Users/pontus.horberg-Local/devin-handbok/node_modules/next/dist/server/dev/static-paths-worker.js
- /Users/pontus.horberg-Local/devin-handbok/node_modules/next/dist/compiled/jest-worker/processChild.js] {
  type: 'Error',
  code: 'MODULE_NOT_FOUND',
  requireStack: [Array],
  page: '/test1/bookings'
}
 ⨯ [Error: ENOENT: no such file or directory, open '/Users/pontus.horberg-Local/devin-handbok/.next/server/pages/_document.js'] {
  errno: -2,
  code: 'ENOENT',
  syscall: 'open',
  path: '/Users/pontus.horberg-Local/devin-handbok/.next/server/pages/_document.js'
}
 GET /test1/bookings 500 in 376ms
 ✓ Compiled /_not-found in 324ms (981 modules)
Node Environment: development
Is Edge Runtime: false
Vercel Deployment: inte i Vercel
 GET /.well-known/appspecific/com.chrome.devtools.json 404 in 926ms
 GET /_next/static/css/app/layout.css?v=1751548126320 404 in 990ms
 GET /_next/static/media/e4af272ccee01ff0-s.p.woff2 404 in 993ms
 GET /_next/static/chunks/app-pages-internals.js 404 in 257ms
 GET /_next/static/chunks/main-app.js?v=1751548126320 404 in 265ms
 GET /_next/static/chunks/app/%5Bslug%5D/bookings/page.js 404 in 231ms
 GET /_next/static/chunks/app/not-found.js 404 in 230ms
 GET /_next/static/chunks/_app-pages-browser_node_modules_tanstack_query-devtools_build_DevtoolsComponent_HH7B3BHX_js.js 404 in 73ms
 ✓ Compiled /api/manifest in 134ms (997 modules)
Node Environment: development
Is Edge Runtime: false
Vercel Deployment: inte i Vercel
[Manifest API] Detected slug from referer: test1
[Manifest API] Generating manifest for handbook: test1
[Handbook Service] ===== getHandbookBySlug START =====
[Handbook Service] Requested slug: test1
[Handbook Service] Step 1: Searching for ALL handbooks with slug...
[Handbook Service] Debug: Found 1 handbooks with slug "test1": [
  {
    id: '2c4fa9ce-27ea-444c-ad61-7103c46ff7c6',
    title: 'test1',
    slug: 'test1',
    published: true
  }
]
[Handbook Service] Step 2: Searching for PUBLISHED handbooks...
[Handbook Service] Published query result: Found 1 published handbooks with slug "test1": [
  {
    id: '2c4fa9ce-27ea-444c-ad61-7103c46ff7c6',
    title: 'test1',
    slug: 'test1',
    published: true
  }
]
[Handbook Service] ✅ Using handbook: test1 (id: 2c4fa9ce-27ea-444c-ad61-7103c46ff7c6)
[Handbook Service] Step 3: Fetching full handbook data...
[Handbook Service] ✅ Full handbook data retrieved successfully
[Handbook Service] ===== getHandbookBySlug END =====
[Manifest API] Generated custom manifest for: test1 with start_url: /test1
 GET /api/manifest 200 in 557ms
 ✓ Compiled /api/bookings in 351ms (1018 modules)
 ✓ Compiled (1022 modules)
Node Environment: development
Is Edge Runtime: false
Vercel Deployment: inte i Vercel
 GET /api/booking-resources?handbook_id=2c4fa9ce-27ea-444c-ad61-7103c46ff7c6 401 in 712ms
 GET /api/booking-resources?handbook_id=2c4fa9ce-27ea-444c-ad61-7103c46ff7c6 401 in 717ms
 GET /api/bookings?handbook_id=2c4fa9ce-27ea-444c-ad61-7103c46ff7c6 401 in 726ms
 GET /api/bookings?handbook_id=2c4fa9ce-27ea-444c-ad61-7103c46ff7c6 401 in 729ms
[?25h
